<?xml version="1.0" encoding="UTF-8"?>
<!-- Generated by org.testng.reporters.JUnitXMLReporter -->
<testsuite ignored="1" hostname="LAPTOP-IO7O6G3K" failures="0" tests="1" name="Default test" time="7.617" errors="0" timestamp="2023-10-20T20:45:09 IST">
  <testcase classname="test.NaptolProductSearchTest" name="verifyIfProductIsVisbileInQickViewTab" time="1.196"/>
  <testcase classname="test.NaptolProductSearchTest" name="productSearchTest" time="0.0">
    <ignored/>
  </testcase> <!-- productSearchTest -->
</testsuite> <!-- Default test -->
