<?xml version="1.0" encoding="UTF-8"?>
<testng-results ignored="0" total="1" passed="1" failed="0" skipped="0">
  <reporter-output>
  </reporter-output>
  <suite started-at="2023-10-20T20:45:02 IST" name="Default suite" finished-at="2023-10-20T20:45:09 IST" duration-ms="7617">
    <groups>
    </groups>
    <test started-at="2023-10-20T20:45:02 IST" name="Default test" finished-at="2023-10-20T20:45:09 IST" duration-ms="7617">
      <class name="test.NaptolProductSearchTest">
        <test-method is-config="true" signature="openBrowser()[pri:0, instance:test.NaptolProductSearchTest@25ce9dc4]" started-at="2023-10-20T20:45:02 IST" name="openBrowser" finished-at="2023-10-20T20:45:08 IST" duration-ms="6360" status="PASS">
          <reporter-output>
          </reporter-output>
        </test-method> <!-- openBrowser -->
        <test-method signature="verifyIfProductIsVisbileInQickViewTab()[pri:0, instance:test.NaptolProductSearchTest@25ce9dc4]" started-at="2023-10-20T20:45:08 IST" name="verifyIfProductIsVisbileInQickViewTab" finished-at="2023-10-20T20:45:09 IST" duration-ms="1196" status="PASS">
          <reporter-output>
          </reporter-output>
        </test-method> <!-- verifyIfProductIsVisbileInQickViewTab -->
      </class> <!-- test.NaptolProductSearchTest -->
    </test> <!-- Default test -->
  </suite> <!-- Default suite -->
</testng-results>
